ANF: vcsd_register_1st_RTL_rfn('simv: undefined symbol: vcsd_register_1st_RTL_rfn')
ANF: vcsd_register_1st_sequential_rfn('simv: undefined symbol: vcsd_register_1st_sequential_rfn')
ANF: vcsd_register_2nd_RTL_rfn('simv: undefined symbol: vcsd_register_2nd_RTL_rfn')
ANF: vcsd_register_2nd_sequential_rfn('simv: undefined symbol: vcsd_register_2nd_sequential_rfn')
ANF: scsd_xprop_is_enabled('simv: undefined symbol: scsd_xprop_is_enabled')
ANF: scsd_xprop_sig_is_promoted('simv: undefined symbol: scsd_xprop_sig_is_promoted')
ANF: scsd_xprop_int_xvalue('simv: undefined symbol: scsd_xprop_int_xvalue')
ANF: scsd_xprop_bool_xvalue('simv: undefined symbol: scsd_xprop_bool_xvalue')
ANF: scsd_xprop_enum_xvalue('simv: undefined symbol: scsd_xprop_enum_xvalue')
ANF: scsd_xprop_register_merge_mode_cb('simv: undefined symbol: scsd_xprop_register_merge_mode_cb')
ANF: scsd_xprop_delete_merge_mode_cb('simv: undefined symbol: scsd_xprop_delete_merge_mode_cb')
ANF: scsd_xprop_get_merge_mode('simv: undefined symbol: scsd_xprop_get_merge_mode')
ANF: msvEnableDumpingMode('simv: undefined symbol: msvEnableDumpingMode')
ANF: msvGetVersion('simv: undefined symbol: msvGetVersion')
ANF: msvGetInstProp('simv: undefined symbol: msvGetInstProp')
ANF: msvIsSpiceEngineReady('simv: undefined symbol: msvIsSpiceEngineReady')
ANF: msvSetAddProbeCallback('simv: undefined symbol: msvSetAddProbeCallback')
ANF: msvGetInstHandle('simv: undefined symbol: msvGetInstHandle')
ANF: msvGetProbeByInst('simv: undefined symbol: msvGetProbeByInst')
ANF: msvGetSigHandle('simv: undefined symbol: msvGetSigHandle')
ANF: msvGetProbeBySig('simv: undefined symbol: msvGetProbeBySig')
ANF: msvGetProbeInfo('simv: undefined symbol: msvGetProbeInfo')
ANF: msvRelease('simv: undefined symbol: msvRelease')
ANF: msvSetVcCallbackFunc('simv: undefined symbol: msvSetVcCallbackFunc')
ANF: msvCheckVcCallback('simv: undefined symbol: msvCheckVcCallback')
ANF: msvAddVcCallback('simv: undefined symbol: msvAddVcCallback')
ANF: msvRemoveVcCallback('simv: undefined symbol: msvRemoveVcCallback')
ANF: msvGetLatestValue('simv: undefined symbol: msvGetLatestValue')
ANF: msvSetEndofSimCallback('simv: undefined symbol: msvSetEndofSimCallback')
ANF: msvIgnoredProbe('simv: undefined symbol: msvIgnoredProbe')
ANF: msvGetThruNetInfo('simv: undefined symbol: msvGetThruNetInfo')
ANF: msvFreeThruNetInfo('simv: undefined symbol: msvFreeThruNetInfo')
ANF: PI_ace_get_output_time_unit('simv: undefined symbol: PI_ace_get_output_time_unit')
ANF: PI_ace_sim_sync('simv: undefined symbol: PI_ace_sim_sync')
ANF: msvGetRereadInitFile('simv: undefined symbol: msvGetRereadInitFile')
ANF: msvSetBeforeRereadCallback('simv: undefined symbol: msvSetBeforeRereadCallback')
ANF: msvSetAfterRereadCallback('simv: undefined symbol: msvSetAfterRereadCallback')
ANF: msvSetForceCallback('simv: undefined symbol: msvSetForceCallback')
ANF: msvSetReleaseCallback('simv: undefined symbol: msvSetReleaseCallback')
ANF: msvGetForceStatus('simv: undefined symbol: msvGetForceStatus')
ANF: vhdi_dt_get_type('simv: undefined symbol: vhdi_dt_get_type')
ANF: vhdi_dt_get_key('simv: undefined symbol: vhdi_dt_get_key')
ANF: vhdi_dt_get_vhdl_enum_info('simv: undefined symbol: vhdi_dt_get_vhdl_enum_info')
ANF: vhdi_dt_get_vhdl_physical_info('simv: undefined symbol: vhdi_dt_get_vhdl_physical_info')
ANF: vhdi_dt_get_vhdl_array_info('simv: undefined symbol: vhdi_dt_get_vhdl_array_info')
ANF: vhdi_dt_get_vhdl_record_info('simv: undefined symbol: vhdi_dt_get_vhdl_record_info')
ANF: vhdi_def_traverse_module('simv: undefined symbol: vhdi_def_traverse_module')
ANF: vhdi_def_traverse_scope('simv: undefined symbol: vhdi_def_traverse_scope')
ANF: vhdi_def_traverse_variable('simv: undefined symbol: vhdi_def_traverse_variable')
ANF: vhdi_def_get_module_id_by_vhpi('simv: undefined symbol: vhdi_def_get_module_id_by_vhpi')
ANF: vhdi_def_get_handle_by_module_id('simv: undefined symbol: vhdi_def_get_handle_by_module_id')
ANF: vhdi_def_free('simv: undefined symbol: vhdi_def_free')
ANF: vhdi_ist_traverse_scope('simv: undefined symbol: vhdi_ist_traverse_scope')
ANF: vhdi_ist_traverse_variable('simv: undefined symbol: vhdi_ist_traverse_variable')
ANF: vhdi_ist_convert_by_vhpi('simv: undefined symbol: vhdi_ist_convert_by_vhpi')
ANF: vhdi_ist_clone('simv: undefined symbol: vhdi_ist_clone')
ANF: vhdi_ist_free('simv: undefined symbol: vhdi_ist_free')
ANF: vhdi_ist_hash_key('simv: undefined symbol: vhdi_ist_hash_key')
ANF: vhdi_ist_compare('simv: undefined symbol: vhdi_ist_compare')
ANF: vhdi_ist_get_value_addr('simv: undefined symbol: vhdi_ist_get_value_addr')
ANF: vhdi_set_scsd_callback('simv: undefined symbol: vhdi_set_scsd_callback')
ANF: vhdi_ist_check_scsd_callback('simv: undefined symbol: vhdi_ist_check_scsd_callback')
ANF: vhdi_ist_add_scsd_callback('simv: undefined symbol: vhdi_ist_add_scsd_callback')
ANF: vhdi_ist_remove_scsd_callback('simv: undefined symbol: vhdi_ist_remove_scsd_callback')
ANF: vhdi_ist_get_scsd_user_data('simv: undefined symbol: vhdi_ist_get_scsd_user_data')
ANF: vhdi_add_time_change_callback('simv: undefined symbol: vhdi_add_time_change_callback')
ANF: vhdi_get_real_value_by_value_addr('simv: undefined symbol: vhdi_get_real_value_by_value_addr')
ANF: vhdi_get_64_value_by_value_addr('simv: undefined symbol: vhdi_get_64_value_by_value_addr')
ANF: vhdi_xprop_inst_is_promoted('simv: undefined symbol: vhdi_xprop_inst_is_promoted')
VCS compile option:
 option[0]: simv
 option[1]: +vc
 option[2]: +v2k
 option[3]: -a
 option[4]: run.log
 option[5]: +lint=TFIPC-L
 option[6]: +error+30
 option[7]: /export/homeO1/synopsys/vcsmx-2016.6/linux64/bin/vcs1
 option[8]: -Mcc=gcc
 option[9]: -Mcplusplus=g++
 option[10]: -Masflags=
 option[11]: -Mcfl= -pipe -fPIC -O -I/export/homeO1/synopsys/vcsmx-2016.6/include 
 option[12]: -Mxcflags= -pipe -fPIC -I/export/homeO1/synopsys/vcsmx-2016.6/include
 option[13]: -Mldflags= -rdynamic -rdynamic 
 option[14]: -Mout=simv
 option[15]: -Mamsrun=
 option[16]: -Mvcsaceobjs=
 option[17]: -Mobjects= /export/homeO1/synopsys/vcsmx-2016.6/linux64/lib/libvirsim.so /export/homeO1/synopsys/vcsmx-2016.6/linux64/lib/liberrorinf.so /export/homeO1/synopsys/vcsmx-2016.6/linux64/lib/libsnpsmalloc.so /export/homeO1/synopsys/verdi3-2016.6/share/PLI/VCS/LINUX64/pli.a 
 option[18]: -Mexternalobj=
 option[19]: -Msaverestoreobj=/export/homeO1/synopsys/vcsmx-2016.6/linux64/lib/vcs_save_restore_new.o
 option[20]: -Mcrt0=
 option[21]: -Mcrtn=
 option[22]: -Mcsrc=
 option[23]: -Msyslibs=-ldl -lm 
 option[24]: -l
 option[25]: run.log
 option[26]: -Xvcs_run_simv=1
 option[27]: +cli+4
 option[28]: -fsdb_old
 option[29]: +vc
 option[30]: +v2k
 option[31]: -v2k_generate
 option[32]: +lint=TFIPC-L
 option[33]: +error+30
 option[34]: -P
 option[35]: /export/homeO1/synopsys/verdi3-2016.6/share/PLI/VCS/LINUX64/novas.tab
 option[36]: -Xcbug=0x1
 option[37]: -Xpiyushb1=0x80
 option[38]: -picarchive
 option[39]: +vcsd
 option[40]: +itf+/export/homeO1/synopsys/vcsmx-2016.6/linux64/lib/vcsdp.tab
 option[41]: +cli+3
 option[42]: -debug=3
 option[43]: +memcbk
 option[44]: -sverilog
 option[45]: +vpi
 option[46]: -gen_obj
 option[47]: ../camera_ctrl_tb.sv
 option[48]: ../camera_ctrl.sv
 option[49]: ../camera_buffer.sv
 option[50]: ../camera2axi.sv
 option[51]: -F
 option[52]: ../filelist.f
Chronologic Simulation VCS Release L-2016.06_Full64
Linux 2.6.32-754.31.1.el6.x86_64 #1 SMP Wed Jul 15 16:02:21 UTC 2020 x86_64
CPU cores: 8
Limit information:
======================================
cputime			unlimited
filesize		unlimited
datasize		unlimited
stacksize		65536 kbytes
coredumpsize	0 kbytes
memoryuse		unlimited
vmemoryuse		unlimited
descriptors		65535
memorylocked	64 kbytes
maxproc			1024
======================================
(Special)Runtime environment variables:

Runtime environment variables:
ORBIT_SOCKETDIR=/tmp/orbit-xycui
SSH_AGENT_PID=20737
HOSTNAME=cloudsst
UNAME=/bin/uname
GIO_LAUNCHED_DESKTOP_FILE_PID=25717
XRDP_SOCKET_PATH=/tmp/.xrdp
SCRNAME=vcs
VCS_DEPTH=0
DESKTOP_STARTUP_ID=
SHELL=/bin/bash
VERDI_DIR=/export/homeO1/synopsys/verdi3-2016.6
SOCE=/export/homeO1/cadence/EDI141R4
Synopsys_Dir=/export/homeO1/synopsys
TERM=xterm
XDG_SESSION_COOKIE=d5e325dcd87764aa20c64a1a0000000e-1650096426.435027-759766612
MAKEFLAGS=
HISTSIZE=1000
GTK_RC_FILES=/etc/gtk/gtkrc:/home/xycui/.gtkrc-1.2-gnome2
CALIBRE=/export/homeO1/mentor/calibre2016.3/aoi_cal_2016.3_28.17
WINDOWID=29360131
VCS_TARGET_ARCH=linux64
VCS_LOG_FILE=run.log
QTDIR=/usr/lib64/qt-3.3
QTINC=/usr/lib64/qt-3.3/include
LC_ALL=C
USER=xycui
LS_COLORS=rs=0:di=01;34:ln=01;36:mh=00:pi=40;33:so=01;35:do=01;35:bd=40;33;01:cd=40;33;01:or=40;31;01:mi=01;05;37;41:su=37;41:sg=30;43:ca=30;41:tw=30;42:ow=34;42:st=37;44:ex=01;32:*.tar=01;31:*.tgz=01;31:*.arj=01;31:*.taz=01;31:*.lzh=01;31:*.lzma=01;31:*.tlz=01;31:*.txz=01;31:*.zip=01;31:*.z=01;31:*.Z=01;31:*.dz=01;31:*.gz=01;31:*.lz=01;31:*.xz=01;31:*.bz2=01;31:*.tbz=01;31:*.tbz2=01;31:*.bz=01;31:*.tz=01;31:*.deb=01;31:*.rpm=01;31:*.jar=01;31:*.rar=01;31:*.ace=01;31:*.zoo=01;31:*.cpio=01;31:*.7z=01;31:*.rz=01;31:*.jpg=01;35:*.jpeg=01;35:*.gif=01;35:*.bmp=01;35:*.pbm=01;35:*.pgm=01;35:*.ppm=01;35:*.tga=01;35:*.xbm=01;35:*.xpm=01;35:*.tif=01;35:*.tiff=01;35:*.png=01;35:*.svg=01;35:*.svgz=01;35:*.mng=01;35:*.pcx=01;35:*.mov=01;35:*.mpg=01;35:*.mpeg=01;35:*.m2v=01;35:*.mkv=01;35:*.ogm=01;35:*.mp4=01;35:*.m4v=01;35:*.mp4v=01;35:*.vob=01;35:*.qt=01;35:*.nuv=01;35:*.wmv=01;35:*.asf=01;35:*.rm=01;35:*.rmvb=01;35:*.flc=01;35:*.avi=01;35:*.fli=01;35:*.flv=01;35:*.gl=01;35:*.dl=01;35:*.xcf=01;35:*.xwd=01;35:*.yuv=01;35:*.cgm=01;35:*.emf=01;35:*.axv=01;35:*.anx=01;35:*.ogv=01;35:*.ogx=01;35:*.aac=01;36:*.au=01;36:*.flac=01;36:*.mid=01;36:*.midi=01;36:*.mka=01;36:*.mp3=01;36:*.mpc=01;36:*.ogg=01;36:*.ra=01;36:*.wav=01;36:*.axa=01;36:*.oga=01;36:*.spx=01;36:*.xspf=01;36:
LD_LIBRARY_PATH=/export/homeO1/synopsys/vcsmx-2016.6/linux64/lib:/export/homeO1/synopsys/verdi3-2016.6/share/PLI/IUS/LINUX64:/export/homeO1/synopsys/verdi3-2016.6/share/PLI/VCS/LINUX:/export/homeO1/synopsys/verdi3-2016.6/share/PLI/VCS/LINUX64::/opt/gcc-7.4/lib64
SCRIPT_NAME=vcs
VCS_MX_HOME_INTERNAL=1
GNOME_KEYRING_SOCKET=/tmp/keyring-ZJbweP/socket
SSH_AUTH_SOCK=/tmp/keyring-ZJbweP/socket.ssh
SNPSLMD_LICENSE_FILE=27000@cloudsst
SESSION_MANAGER=local/unix:@/tmp/.ICE-unix/20736,unix/unix:/tmp/.ICE-unix/20736
MAKELEVEL=1
OVA_UUM=0
GIO_LAUNCHED_DESKTOP_FILE=/usr/share/applications/Terminal.desktop
XRDP_PULSE_SINK_SOCKET=xrdp_chansrv_audio_out_socket_39
MFLAGS=
PULSE_SCRIPT=/etc/xrdp/pulse/default.pa
PATH=.:/export/homeO1/synopsys/pts_2014.06/bin:/export/homeO1/synopsys/syn_2014.09/bin:/export/homeO1/mentor/calibre2016.3/aoi_cal_2016.3_28.17/bin:/opt/python3/bin:/home/xycui/ETHGCC/install/bin:/opt/git/bin:/export/homeO1/synopsys/pts_2014.06/bin:/export/homeO1/synopsys/syn_2014.09/bin:/export/homeO1/mentor/calibre2016.3/aoi_cal_2016.3_28.17/bin:/opt/python3/bin:/home/xycui/ETHGCC/install/bin:/opt/git/bin:/export/homeO1/synopsys/pts_2014.06/bin:/export/homeO1/synopsys/syn_2014.09/bin:/export/homeO1/mentor/calibre2016.3/aoi_cal_2016.3_28.17/bin:/opt/python3/bin:/home/xycui/ETHGCC/install/bin:/opt/git/bin:/usr/lib64/qt-3.3/bin:/sbin:/bin:/usr/bin:/usr/local/bin:/usr/local/sbin:/usr/sbin:/opt/iverilog/bin:/opt/verilator/bin:/export/homeO1/synopsys/vcsmx-2016.6/bin:/export/homeO1/synopsys/verdi3-2016.6/bin:/export/homeO1/cadence/EDI141R4/tools/bin:/home/xycui/bin:/opt/iverilog/bin:/opt/verilator/bin:/export/homeO1/synopsys/vcsmx-2016.6/bin:/export/homeO1/synopsys/verdi3-2016.6/bin:/export/homeO1/cadence/EDI141R4/tools/bin:/home/xycui/bin:/opt/iverilog/bin:/opt/verilator/bin:/export/homeO1/synopsys/vcsmx-2016.6/bin:/export/homeO1/synopsys/verdi3-2016.6/bin:/export/homeO1/cadence/EDI141R4/tools/bin
MAIL=/var/spool/mail/xycui
CALIBRE_HOME=/export/homeO1/mentor/calibre2016.3/aoi_cal_2016.3_28.17
VERDI_HOME=/export/homeO1/synopsys/verdi3-2016.6
PWD=/home/xycui/Work/camera_ctrl_AXI_seperate/simulation
VCS_HOME=/export/homeO1/synopsys/vcsmx-2016.6
PTS_HOME=/export/homeO1/synopsys/pts_2014.06
XRDP_SESSION=1
XRDP_PULSE_SOURCE_SOCKET=xrdp_chansrv_audio_in_socket_39
LANG=en_US.UTF-8
MODULEPATH=/usr/share/Modules/modulefiles:/etc/modulefiles
LOADEDMODULES=
VMR_MODE_FLAG=32
DVE=/export/homeO1/synopsys/vcsmx-2016.6/gui/dve
HISTCONTROL=ignoredups
SSH_ASKPASS=/usr/libexec/openssh/gnome-ssh-askpass
VCS_UVM_HOME=/export/homeO1/synopsys/vcsmx-2016.6/etc/uvm-1.2
VCS_ARG_ADDED_FOR_TMP=1
SNPS_VCS_TMPDIR=/tmp/vcs_20220419075506_16419
HOME=/home/xycui
SHLVL=4
MGC_HOME=/export/homeO1/mentor/calibre2016.3/aoi_cal_2016.3_28.17
GNOME_DESKTOP_SESSION_ID=this-is-deprecated
VCS_COM=/export/homeO1/synopsys/vcsmx-2016.6/linux64/bin/vcs1
LOGNAME=xycui
DC_HOME=/export/homeO1/synopsys/syn_2014.09
VCS_DIR=/export/homeO1/synopsys/vcsmx-2016.6
MGLS_LICENSE_FILE=/export/homeO1/flexlm/mentor/mentor.dat
QTLIB=/usr/lib64/qt-3.3/lib
CVS_RSH=ssh
DBUS_SESSION_BUS_ADDRESS=unix:abstract=/tmp/dbus-ATvEDBYDuF,guid=54fa87a3e0b79f6d75e31891009f8b9d
MODULESHOME=/usr/share/Modules
CDS_LIC_FILE=5280@cloudsst:/export/homeO1/flexlm/cadence/license_mm151.dat:/export/homeO1/flexlm/cadence/cadence_5141.dat
UID=1061
LESSOPEN=||/usr/bin/lesspipe.sh %s
sysc_uni_pwd=/home/xycui/Work/camera_ctrl_AXI_seperate/simulation
DISPLAY=:39.0
VCS_ARCH=linux64
TOOL_HOME=/export/homeO1/synopsys/vcsmx-2016.6/linux64
G_BROKEN_FILENAMES=1
COLORTERM=Terminal
BASH_FUNC_module()=() {  eval `/usr/bin/modulecmd bash $*`
}
_=./simv
VCS_PATHMAP_PRELOAD_DONE=1
SPECMAN_OUTPUT_TO_TTY=1
Runtime command line arguments:
argv[0]=simv
argv[1]=+vc
argv[2]=+v2k
argv[3]=-a
argv[4]=run.log
argv[5]=+lint=TFIPC-L
argv[6]=+error+30
235 profile - 100
          CPU/Mem usage: 0.020 sys,  0.180 user,  181.86M sys,  0.00M vm
236 VC callback profile - scalar:0 vector:0
237 Tue Apr 19 15:55:07 2022
238 pliAppInit
239 *Verdi3* : FSDB_GATE is set.
240 *Verdi3* : FSDB_RTL is set.
241 *Verdi3* : Enable Parallel Dumping.
242 pliAppMiscSet: New Sim Round
243 pliEntryInit
244 LIBSSCORE=found /export/homeO1/synopsys/verdi3-2016.6/share/PLI/lib/LINUXAMD64/libsscore_vcs201606.so through $NOVAS_HOME setting.
245 FSDB Dumper for VCS, Release Verdi3_L-2016.06-1, Linux x86_64/64bit, 07/10/2016
246 (C) 1996 - 2016 by Synopsys, Inc.
247 sps_call_fsdbDumpfile at 0 : ../camera_ctrl_tb.sv(59)
248 argv[0]: pulpino.fsdb
249 *Verdi3* FSDB WARNING: The FSDB file already exists. Overwriting the FSDB file may crash the programs that are using this file.
250 *Verdi3* : Create FSDB file 'pulpino.fsdb'
251 sps_call_fsdbDumpvars at 0 : ../camera_ctrl_tb.sv(60)
252 argv[0]: +all
253 *Verdi3* : Begin traversing the scopes, layer (0).
254 *Verdi3* : Enable +all dumping.
255 *Verdi3* : End of traversing.
256 fsdbDumpvars traverse var: profile - 
          CPU/Mem usage: 0.030 sys,  0.190 user,  271.16M sys,  0.00M vm
                   incr: 0.010 sys,  0.000 user,  8.95M sys,  0.00M vm
                   accu: 0.010 sys,  0.000 user,  8.95M sys,  0.00M vm
              accu incr: 0.010 sys,  0.000 user,  8.95M sys,  0.00M vm

          Count usage: 220 var,  135 idcode,  60 callback
                 incr: 220 var,  135 idcode,  60 callback
                 accu: 220 var,  135 idcode,  60 callback
            accu incr: 220 var,  135 idcode,  60 callback
257 VC callback profile - scalar:0 vector:0
258 Tue Apr 19 15:55:07 2022
259 fsdbDumpvars: profile - 
          CPU/Mem usage: 0.030 sys,  0.190 user,  272.34M sys,  0.00M vm
                   incr: 0.000 sys,  0.000 user,  1.19M sys,  0.00M vm
                   accu: 0.010 sys,  0.000 user,  10.14M sys,  0.00M vm
              accu incr: 0.000 sys,  0.000 user,  1.19M sys,  0.00M vm

          Count usage: 220 var,  135 idcode,  60 callback
                 incr: 0 var,  0 idcode,  0 callback
                 accu: 220 var,  135 idcode,  60 callback
            accu incr: 0 var,  0 idcode,  0 callback
260 VC callback profile - scalar:28 vector:35
261 Tue Apr 19 15:55:07 2022
262 sps_call_fsdbDumpon at 0 : ../camera_ctrl_tb.sv(61)
263 *Verdi3* : fsdbDumpon - All FSDB files at 0 ns.
264 End of simulation at 2480
265 VC callback profile - scalar:496 vector:231
266 Tue Apr 19 15:55:10 2022
267 Parallel profile    -  Flush:4 Expand:0 ProduceWait:0 ConsumerWait:0 BlockUsed:0
268                        ProduceTime:0.234030590 ConsumerTime:0.000000000 Buffer:64MB
269 SimExit
270 Sim process exit
